app/build/outputs/logs/manifest-merger-debug-report.txt
-- Merging decision tree log ---
manifest
ADDED from src\main\AndroidManifest.xml:2:1-455:12
INJECTED from src\main\AndroidManifest.xml:2:1-455:12
INJECTED from src\main\AndroidManifest.xml:2:1-455:12
INJECTED from src\main\AndroidManifest.xml:2:1-455:12
INJECTED from src\main\AndroidManifest.xml:2:1-455:12
INJECTED from src\main\AndroidManifest.xml:2:1-455:12
INJECTED from src\main\AndroidManifest.xml:2:1-455:12
	package
		ADDED from src\main\AndroidManifest.xml:3:5-25
		INJECTED from src\main\AndroidManifest.xml
		INJECTED from src\main\AndroidManifest.xml
	android:versionName
		ADDED from src\main\AndroidManifest.xml:5:5-33
		INJECTED from src\main\AndroidManifest.xml
		INJECTED from src\main\AndroidManifest.xml
	xmlns:android
		ADDED from src\main\AndroidManifest.xml:2:11-69
	android:versionCode
		ADDED from src\main\AndroidManifest.xml:4:5-30
		INJECTED from src\main\AndroidManifest.xml
		INJECTED from src\main\AndroidManifest.xml
uses-permission#android.permission.INTERNET
ADDED from src\main\AndroidManifest.xml:8:5-67
	android:name
		ADDED from src\main\AndroidManifest.xml:8:22-64
uses-permission#android.permission.WRITE_EXTERNAL_STORAGE
ADDED from src\main\AndroidManifest.xml:9:5-81
	android:name
		ADDED from src\main\AndroidManifest.xml:9:22-78
uses-permission#android.permission.RECORD_AUDIO
ADDED from src\main\AndroidManifest.xml:10:5-71
	android:name
		ADDED from src\main\AndroidManifest.xml:10:22-68
uses-permission#android.permission.CAMERA
ADDED from src\main\AndroidManifest.xml:11:5-65
	android:name
		ADDED from src\main\AndroidManifest.xml:11:22-62
uses-permission#android.permission.VIBRATE
ADDED from src\main\AndroidManifest.xml:12:5-66
	android:name
		ADDED from src\main\AndroidManifest.xml:12:22-63
uses-permission#android.permission.ACCESS_NETWORK_STATE
ADDED from src\main\AndroidManifest.xml:13:5-79
	android:name
		ADDED from src\main\AndroidManifest.xml:13:22-76
uses-permission#android.permission.ACCESS_WIFI_STATE
ADDED from src\main\AndroidManifest.xml:14:5-76
	android:name
		ADDED from src\main\AndroidManifest.xml:14:22-73
uses-permission#android.permission.FLASHLIGHT
ADDED from src\main\AndroidManifest.xml:15:5-69
	android:name
		ADDED from src\main\AndroidManifest.xml:15:22-66
uses-permission#android.permission.READ_PHONE_STATE
ADDED from src\main\AndroidManifest.xml:20:5-75
	android:name
		ADDED from src\main\AndroidManifest.xml:20:22-72
uses-permission#android.permission.WAKE_LOCK
ADDED from src\main\AndroidManifest.xml:23:5-68
	android:name
		ADDED from src\main\AndroidManifest.xml:23:22-65
uses-permission#android.permission.RECEIVE_USER_PRESENT
ADDED from src\main\AndroidManifest.xml:26:5-79
	android:name
		ADDED from src\main\AndroidManifest.xml:26:22-76
uses-permission#android.permission.RECEIVE_BOOT_COMPLETED
ADDED from src\main\AndroidManifest.xml:27:5-81
	android:name
		ADDED from src\main\AndroidManifest.xml:27:22-78
uses-permission#android.permission.WRITE_SETTINGS
ADDED from src\main\AndroidManifest.xml:30:5-73
	android:name
		ADDED from src\main\AndroidManifest.xml:30:22-70
uses-permission#android.permission.RESTART_PACKAGES
ADDED from src\main\AndroidManifest.xml:32:5-75
	android:name
		ADDED from src\main\AndroidManifest.xml:32:22-72
uses-permission#android.permission.BROADCAST_STICKY
ADDED from src\main\AndroidManifest.xml:33:5-75
	android:name
		ADDED from src\main\AndroidManifest.xml:33:22-72
uses-permission#android.permission.KILL_BACKGROUND_PROCESSES
ADDED from src\main\AndroidManifest.xml:34:5-84
	android:name
		ADDED from src\main\AndroidManifest.xml:34:22-81
uses-permission#android.permission.GET_TASKS
ADDED from src\main\AndroidManifest.xml:35:5-68
	android:name
		ADDED from src\main\AndroidManifest.xml:35:22-65
uses-permission#android.permission.READ_LOGS
ADDED from src\main\AndroidManifest.xml:36:5-68
	android:name
		ADDED from src\main\AndroidManifest.xml:36:22-65
uses-permission#android.permission.BLUETOOTH
ADDED from src\main\AndroidManifest.xml:37:5-68
	android:name
		ADDED from src\main\AndroidManifest.xml:37:22-65
uses-permission#android.permission.BATTERY_STATS
ADDED from src\main\AndroidManifest.xml:38:5-72
	android:name
		ADDED from src\main\AndroidManifest.xml:38:22-69
application
ADDED from src\main\AndroidManifest.xml:43:5-453:19
	android:label
		ADDED from src\main\AndroidManifest.xml:46:9-41
	android:icon
		ADDED from src\main\AndroidManifest.xml:45:9-45
	android:allowBackup
		ADDED from src\main\AndroidManifest.xml:44:9-35
	android:theme
		ADDED from src\main\AndroidManifest.xml:48:9-40
	android:name
		ADDED from src\main\AndroidManifest.xml:47:9-58
activity#com.thecamhi.main.MainActivity
ADDED from src\main\AndroidManifest.xml:49:9-60:20
	android:screenOrientation
		ADDED from src\main\AndroidManifest.xml:54:13-49
	android:label
		ADDED from src\main\AndroidManifest.xml:52:13-45
	android:launchMode
		ADDED from src\main\AndroidManifest.xml:53:13-43
	android:configChanges
		ADDED from src\main\AndroidManifest.xml:51:13-74
	android:name
		ADDED from src\main\AndroidManifest.xml:50:13-58
intent-filter#android.intent.action.MAIN+android.intent.category.LAUNCHER
ADDED from src\main\AndroidManifest.xml:55:13-59:29
action#android.intent.action.MAIN
ADDED from src\main\AndroidManifest.xml:56:17-69
	android:name
		ADDED from src\main\AndroidManifest.xml:56:25-66
category#android.intent.category.LAUNCHER
ADDED from src\main\AndroidManifest.xml:58:17-77
	android:name
		ADDED from src\main\AndroidManifest.xml:58:27-74
activity#com.thecamhi.activity.AddCameraActivity
ADDED from src\main\AndroidManifest.xml:61:9-66:20
	android:screenOrientation
		ADDED from src\main\AndroidManifest.xml:65:13-49
	android:label
		ADDED from src\main\AndroidManifest.xml:64:13-45
	android:configChanges
		ADDED from src\main\AndroidManifest.xml:63:13-74
	android:name
		ADDED from src\main\AndroidManifest.xml:62:13-67
activity#com.thecamhi.activity.SearchCameraActivity
ADDED from src\main\AndroidManifest.xml:67:9-72:20
	android:screenOrientation
		ADDED from src\main\AndroidManifest.xml:71:13-49
	android:label
		ADDED from src\main\AndroidManifest.xml:70:13-45
	android:configChanges
		ADDED from src\main\AndroidManifest.xml:69:13-74
	android:name
		ADDED from src\main\AndroidManifest.xml:68:13-70
activity#com.thecamhi.zxing.QRCodeCaptureActivity
ADDED from src\main\AndroidManifest.xml:73:9-78:20
	android:screenOrientation
		ADDED from src\main\AndroidManifest.xml:77:13-49
	android:label
		ADDED from src\main\AndroidManifest.xml:76:13-45
	android:configChanges
		ADDED from src\main\AndroidManifest.xml:75:13-74
	android:name
		ADDED from src\main\AndroidManifest.xml:74:13-68
activity#com.thecamhi.activity.WifiOneKeySettingActivity
ADDED from src\main\AndroidManifest.xml:79:9-84:20
	android:screenOrientation
		ADDED from src\main\AndroidManifest.xml:83:13-49
	android:label
		ADDED from src\main\AndroidManifest.xml:82:13-45
	android:configChanges
		ADDED from src\main\AndroidManifest.xml:81:13-74
	android:name
		ADDED from src\main\AndroidManifest.xml:80:13-75
activity#com.thecamhi.activity.LiveViewActivity
ADDED from src\main\AndroidManifest.xml:85:9-91:20
	android:screenOrientation
		ADDED from src\main\AndroidManifest.xml:89:13-50
	android:label
		ADDED from src\main\AndroidManifest.xml:88:13-45
	android:configChanges
		ADDED from src\main\AndroidManifest.xml:87:13-74
	android:theme
		ADDED from src\main\AndroidManifest.xml:90:13-77
	android:name
		ADDED from src\main\AndroidManifest.xml:86:13-66
activity#com.thecamhi.activity.setting.AliveSettingActivity
ADDED from src\main\AndroidManifest.xml:92:9-97:20
	android:screenOrientation
		ADDED from src\main\AndroidManifest.xml:96:13-49
	android:label
		ADDED from src\main\AndroidManifest.xml:95:13-45
	android:configChanges
		ADDED from src\main\AndroidManifest.xml:94:13-74
	android:name
		ADDED from src\main\AndroidManifest.xml:93:13-78
activity#com.thecamhi.activity.EditCameraActivity
ADDED from src\main\AndroidManifest.xml:98:9-103:20
	android:screenOrientation
		ADDED from src\main\AndroidManifest.xml:102:13-49
	android:label
		ADDED from src\main\AndroidManifest.xml:101:13-45
	android:configChanges
		ADDED from src\main\AndroidManifest.xml:100:13-74
	android:name
		ADDED from src\main\AndroidManifest.xml:99:13-68
activity#com.thecamhi.activity.setting.PasswordSettingActivity
ADDED from src\main\AndroidManifest.xml:104:9-109:20
	android:screenOrientation
		ADDED from src\main\AndroidManifest.xml:108:13-49
	android:label
		ADDED from src\main\AndroidManifest.xml:107:13-45
	android:configChanges
		ADDED from src\main\AndroidManifest.xml:106:13-74
	android:name
		ADDED from src\main\AndroidManifest.xml:105:13-81
activity#com.thecamhi.activity.setting.AlarmSettingActivity
ADDED from src\main\AndroidManifest.xml:110:9-115:20
	android:screenOrientation
		ADDED from src\main\AndroidManifest.xml:114:13-49
	android:label
		ADDED from src\main\AndroidManifest.xml:113:13-45
	android:configChanges
		ADDED from src\main\AndroidManifest.xml:112:13-74
	android:name
		ADDED from src\main\AndroidManifest.xml:111:13-78
activity#com.thecamhi.activity.setting.AlarmActionActivity
ADDED from src\main\AndroidManifest.xml:116:9-121:20
	android:screenOrientation
		ADDED from src\main\AndroidManifest.xml:120:13-49
	android:label
		ADDED from src\main\AndroidManifest.xml:119:13-45
	android:configChanges
		ADDED from src\main\AndroidManifest.xml:118:13-74
	android:name
		ADDED from src\main\AndroidManifest.xml:117:13-77
activity#com.thecamhi.activity.setting.TimeVideoActivity
ADDED from src\main\AndroidManifest.xml:122:9-127:20
	android:screenOrientation
		ADDED from src\main\AndroidManifest.xml:126:13-49
	android:label
		ADDED from src\main\AndroidManifest.xml:125:13-45
	android:configChanges
		ADDED from src\main\AndroidManifest.xml:124:13-74
	android:name
		ADDED from src\main\AndroidManifest.xml:123:13-75
activity#com.thecamhi.activity.setting.AudioSettingActivity
ADDED from src\main\AndroidManifest.xml:128:9-133:20
	android:screenOrientation
		ADDED from src\main\AndroidManifest.xml:132:13-49
	android:label
		ADDED from src\main\AndroidManifest.xml:131:13-45
	android:configChanges
		ADDED from src\main\AndroidManifest.xml:130:13-74
	android:name
		ADDED from src\main\AndroidManifest.xml:129:13-78
activity#com.thecamhi.activity.setting.VideoSettingActivity
ADDED from src\main\AndroidManifest.xml:134:9-140:20
	android:screenOrientation
		ADDED from src\main\AndroidManifest.xml:138:13-49
	android:label
		ADDED from src\main\AndroidManifest.xml:137:13-45
	android:windowSoftInputMode
		ADDED from src\main\AndroidManifest.xml:139:13-72
	android:configChanges
		ADDED from src\main\AndroidManifest.xml:136:13-74
	android:name
		ADDED from src\main\AndroidManifest.xml:135:13-78
activity#com.thecamhi.activity.setting.WifiSettingActivity
ADDED from src\main\AndroidManifest.xml:141:9-147:20
	android:screenOrientation
		ADDED from src\main\AndroidManifest.xml:145:13-49
	android:label
		ADDED from src\main\AndroidManifest.xml:144:13-45
	android:windowSoftInputMode
		ADDED from src\main\AndroidManifest.xml:146:13-72
	android:configChanges
		ADDED from src\main\AndroidManifest.xml:143:13-74
	android:name
		ADDED from src\main\AndroidManifest.xml:142:13-77
activity#com.thecamhi.activity.setting.SDCardSettingActivity
ADDED from src\main\AndroidManifest.xml:148:9-154:20
	android:screenOrientation
		ADDED from src\main\AndroidManifest.xml:152:13-49
	android:label
		ADDED from src\main\AndroidManifest.xml:151:13-45
	android:windowSoftInputMode
		ADDED from src\main\AndroidManifest.xml:153:13-72
	android:configChanges
		ADDED from src\main\AndroidManifest.xml:150:13-74
	android:name
		ADDED from src\main\AndroidManifest.xml:149:13-79
activity#com.thecamhi.activity.setting.TimeSettingActivity
ADDED from src\main\AndroidManifest.xml:155:9-161:20
	android:screenOrientation
		ADDED from src\main\AndroidManifest.xml:159:13-49
	android:label
		ADDED from src\main\AndroidManifest.xml:158:13-45
	android:windowSoftInputMode
		ADDED from src\main\AndroidManifest.xml:160:13-72
	android:configChanges
		ADDED from src\main\AndroidManifest.xml:157:13-74
	android:name
		ADDED from src\main\AndroidManifest.xml:156:13-77
activity#com.thecamhi.activity.setting.EmailSettingActivity
ADDED from src\main\AndroidManifest.xml:162:9-168:20
	android:screenOrientation
		ADDED from src\main\AndroidManifest.xml:166:13-49
	android:label
		ADDED from src\main\AndroidManifest.xml:165:13-45
	android:windowSoftInputMode
		ADDED from src\main\AndroidManifest.xml:167:13-72
	android:configChanges
		ADDED from src\main\AndroidManifest.xml:164:13-74
	android:name
		ADDED from src\main\AndroidManifest.xml:163:13-78
activity#com.thecamhi.activity.setting.FtpSettingActivity
ADDED from src\main\AndroidManifest.xml:169:9-175:20
	android:screenOrientation
		ADDED from src\main\AndroidManifest.xml:173:13-49
	android:label
		ADDED from src\main\AndroidManifest.xml:172:13-45
	android:windowSoftInputMode
		ADDED from src\main\AndroidManifest.xml:174:13-72
	android:configChanges
		ADDED from src\main\AndroidManifest.xml:171:13-74
	android:name
		ADDED from src\main\AndroidManifest.xml:170:13-76
activity#com.thecamhi.activity.setting.SystemSettingActivity
ADDED from src\main\AndroidManifest.xml:176:9-181:20
	android:screenOrientation
		ADDED from src\main\AndroidManifest.xml:180:13-49
	android:label
		ADDED from src\main\AndroidManifest.xml:179:13-45
	android:configChanges
		ADDED from src\main\AndroidManifest.xml:178:13-74
	android:name
		ADDED from src\main\AndroidManifest.xml:177:13-79
activity#com.thecamhi.activity.setting.DeviceInfoActivity
ADDED from src\main\AndroidManifest.xml:182:9-187:20
	android:screenOrientation
		ADDED from src\main\AndroidManifest.xml:186:13-49
	android:label
		ADDED from src\main\AndroidManifest.xml:185:13-45
	android:configChanges
		ADDED from src\main\AndroidManifest.xml:184:13-74
	android:name
		ADDED from src\main\AndroidManifest.xml:183:13-76
activity#com.thecamhi.activity.LocalPictureActivity
ADDED from src\main\AndroidManifest.xml:188:9-193:20
	android:screenOrientation
		ADDED from src\main\AndroidManifest.xml:192:13-49
	android:label
		ADDED from src\main\AndroidManifest.xml:191:13-45
	android:configChanges
		ADDED from src\main\AndroidManifest.xml:190:13-74
	android:name
		ADDED from src\main\AndroidManifest.xml:189:13-70
activity#com.thecamhi.activity.PhotoViewActivity
ADDED from src\main\AndroidManifest.xml:194:9-199:20
	android:screenOrientation
		ADDED from src\main\AndroidManifest.xml:198:13-49
	android:label
		ADDED from src\main\AndroidManifest.xml:197:13-45
	android:configChanges
		ADDED from src\main\AndroidManifest.xml:196:13-74
	android:name
		ADDED from src\main\AndroidManifest.xml:195:13-67
activity#com.thecamhi.activity.VideoLocalActivity
ADDED from src\main\AndroidManifest.xml:200:9-205:20
	android:screenOrientation
		ADDED from src\main\AndroidManifest.xml:204:13-49
	android:label
		ADDED from src\main\AndroidManifest.xml:203:13-45
	android:configChanges
		ADDED from src\main\AndroidManifest.xml:202:13-74
	android:name
		ADDED from src\main\AndroidManifest.xml:201:13-68
activity#com.thecamhi.activity.VideoOnlineActivity
ADDED from src\main\AndroidManifest.xml:206:9-211:20
	android:screenOrientation
		ADDED from src\main\AndroidManifest.xml:210:13-49
	android:label
		ADDED from src\main\AndroidManifest.xml:209:13-45
	android:configChanges
		ADDED from src\main\AndroidManifest.xml:208:13-74
	android:name
		ADDED from src\main\AndroidManifest.xml:207:13-69
activity#com.thecamhi.activity.PlaybackOnlineActivity
ADDED from src\main\AndroidManifest.xml:212:9-217:20
	android:screenOrientation
		ADDED from src\main\AndroidManifest.xml:216:13-50
	android:label
		ADDED from src\main\AndroidManifest.xml:215:13-45
	android:configChanges
		ADDED from src\main\AndroidManifest.xml:214:13-74
	android:name
		ADDED from src\main\AndroidManifest.xml:213:13-72
activity#com.thecamhi.activity.SearchSDCardVideoActivity
ADDED from src\main\AndroidManifest.xml:218:9-223:20
	android:screenOrientation
		ADDED from src\main\AndroidManifest.xml:222:13-49
	android:label
		ADDED from src\main\AndroidManifest.xml:221:13-45
	android:configChanges
		ADDED from src\main\AndroidManifest.xml:220:13-74
	android:name
		ADDED from src\main\AndroidManifest.xml:219:13-75
activity#com.thecamhi.activity.setting.AlarmEventActivity
ADDED from src\main\AndroidManifest.xml:224:3-229:20
	android:screenOrientation
		ADDED from src\main\AndroidManifest.xml:228:13-49
	android:label
		ADDED from src\main\AndroidManifest.xml:227:13-45
	android:configChanges
		ADDED from src\main\AndroidManifest.xml:226:13-74
	android:name
		ADDED from src\main\AndroidManifest.xml:225:13-76
provider#android.support.v4.content.FileProvider
ADDED from src\main\AndroidManifest.xml:233:8-241:20
	android:grantUriPermissions
		ADDED from src\main\AndroidManifest.xml:237:13-47
	android:authorities
		ADDED from src\main\AndroidManifest.xml:235:13-58
	android:exported
		ADDED from src\main\AndroidManifest.xml:236:13-37
	android:name
		ADDED from src\main\AndroidManifest.xml:234:13-67
meta-data#android.support.FILE_PROVIDER_PATHS
ADDED from src\main\AndroidManifest.xml:238:13-240:72
	android:resource
		ADDED from src\main\AndroidManifest.xml:239:17-51
	android:name
		ADDED from src\main\AndroidManifest.xml:240:17-67
activity#com.tencent.android.tpush.XGPushActivity
ADDED from src\main\AndroidManifest.xml:247:9-255:20
	android:exported
		ADDED from src\main\AndroidManifest.xml:250:13-37
	android:theme
		ADDED from src\main\AndroidManifest.xml:249:13-61
	android:name
		ADDED from src\main\AndroidManifest.xml:248:13-68
intent-filter#android.intent.action
ADDED from src\main\AndroidManifest.xml:251:13-254:29
action#android.intent.action
ADDED from src\main\AndroidManifest.xml:253:17-64
	android:name
		ADDED from src\main\AndroidManifest.xml:253:25-61
receiver#com.tencent.android.tpush.XGPushReceiver
ADDED from src\main\AndroidManifest.xml:258:9-286:20
	android:process
		ADDED from src\main\AndroidManifest.xml:260:13-45
	android:name
		ADDED from src\main\AndroidManifest.xml:259:13-68
intent-filter#android.bluetooth.adapter.action.STATE_CHANGED+android.intent.action.ACTION_POWER_CONNECTED+android.intent.action.ACTION_POWER_DISCONNECTED+android.intent.action.USER_PRESENT+android.net.conn.CONNECTIVITY_CHANGE+com.tencent.android.tpush.action.INTERNAL_PUSH_MESSAGE+com.tencent.android.tpush.action.SDK
ADDED from src\main\AndroidManifest.xml:261:13-276:29
	android:priority
		ADDED from src\main\AndroidManifest.xml:261:28-57
action#com.tencent.android.tpush.action.SDK
ADDED from src\main\AndroidManifest.xml:264:17-79
	android:name
		ADDED from src\main\AndroidManifest.xml:264:25-76
action#com.tencent.android.tpush.action.INTERNAL_PUSH_MESSAGE
ADDED from src\main\AndroidManifest.xml:265:17-97
	android:name
		ADDED from src\main\AndroidManifest.xml:265:25-94
action#android.net.conn.CONNECTIVITY_CHANGE
ADDED from src\main\AndroidManifest.xml:267:17-79
	android:name
		ADDED from src\main\AndroidManifest.xml:267:25-76
action#android.intent.action.USER_PRESENT
ADDED from src\main\AndroidManifest.xml:270:17-77
	android:name
		ADDED from src\main\AndroidManifest.xml:270:25-74
action#android.bluetooth.adapter.action.STATE_CHANGED
ADDED from src\main\AndroidManifest.xml:273:17-89
	android:name
		ADDED from src\main\AndroidManifest.xml:273:25-86
action#android.intent.action.ACTION_POWER_CONNECTED
ADDED from src\main\AndroidManifest.xml:274:17-87
	android:name
		ADDED from src\main\AndroidManifest.xml:274:25-84
action#android.intent.action.ACTION_POWER_DISCONNECTED
ADDED from src\main\AndroidManifest.xml:275:17-90
	android:name
		ADDED from src\main\AndroidManifest.xml:275:25-87
intent-filter#android.intent.action.MEDIA_CHECKING+android.intent.action.MEDIA_EJECT+android.intent.action.MEDIA_REMOVED+android.intent.action.MEDIA_UNMOUNTED
ADDED from src\main\AndroidManifest.xml:278:13-285:29
	android:priority
		ADDED from src\main\AndroidManifest.xml:278:28-57
action#android.intent.action.MEDIA_UNMOUNTED
ADDED from src\main\AndroidManifest.xml:279:17-80
	android:name
		ADDED from src\main\AndroidManifest.xml:279:25-77
action#android.intent.action.MEDIA_REMOVED
ADDED from src\main\AndroidManifest.xml:280:17-78
	android:name
		ADDED from src\main\AndroidManifest.xml:280:25-75
action#android.intent.action.MEDIA_CHECKING
ADDED from src\main\AndroidManifest.xml:281:17-79
	android:name
		ADDED from src\main\AndroidManifest.xml:281:25-76
action#android.intent.action.MEDIA_EJECT
ADDED from src\main\AndroidManifest.xml:282:17-76
	android:name
		ADDED from src\main\AndroidManifest.xml:282:25-73
data
ADDED from src\main\AndroidManifest.xml:284:17-47
	android:scheme
		ADDED from src\main\AndroidManifest.xml:284:23-44
service#com.tencent.android.tpush.service.XGPushServiceV3
ADDED from src\main\AndroidManifest.xml:322:9-326:48
	android:process
		ADDED from src\main\AndroidManifest.xml:326:13-45
	android:exported
		ADDED from src\main\AndroidManifest.xml:324:13-36
	android:persistent
		ADDED from src\main\AndroidManifest.xml:325:13-38
	android:name
		ADDED from src\main\AndroidManifest.xml:323:13-77
service#com.tencent.android.tpush.service.XGDaemonService
ADDED from src\main\AndroidManifest.xml:329:9-331:48
	android:process
		ADDED from src\main\AndroidManifest.xml:331:13-45
	android:name
		ADDED from src\main\AndroidManifest.xml:330:13-77
receiver#com.thecamhi.base.PushMessageReceiver
ADDED from src\main\AndroidManifest.xml:335:9-343:20
	android:exported
		ADDED from src\main\AndroidManifest.xml:336:13-36
	android:name
		ADDED from src\main\AndroidManifest.xml:335:19-71
intent-filter#com.tencent.android.tpush.action.FEEDBACK+com.tencent.android.tpush.action.PUSH_MESSAGE
ADDED from src\main\AndroidManifest.xml:337:13-342:29
action#com.tencent.android.tpush.action.PUSH_MESSAGE
ADDED from src\main\AndroidManifest.xml:339:17-88
	android:name
		ADDED from src\main\AndroidManifest.xml:339:25-85
action#com.tencent.android.tpush.action.FEEDBACK
ADDED from src\main\AndroidManifest.xml:341:17-84
	android:name
		ADDED from src\main\AndroidManifest.xml:341:25-81
provider#com.tencent.android.tpush.XGPushProvider
ADDED from src\main\AndroidManifest.xml:348:9-352:15
	android:authorities
		ADDED from src\main\AndroidManifest.xml:350:13-57
	android:exported
		ADDED from src\main\AndroidManifest.xml:351:13-36
	android:name
		ADDED from src\main\AndroidManifest.xml:349:13-68
provider#com.tencent.android.tpush.SettingsContentProvider
ADDED from src\main\AndroidManifest.xml:357:9-360:40
	android:authorities
		ADDED from src\main\AndroidManifest.xml:359:13-60
	android:exported
		ADDED from src\main\AndroidManifest.xml:360:13-37
	android:name
		ADDED from src\main\AndroidManifest.xml:358:13-77
provider#com.tencent.mid.api.MidProvider
ADDED from src\main\AndroidManifest.xml:363:9-367:20
	android:authorities
		ADDED from src\main\AndroidManifest.xml:365:13-60
	android:exported
		ADDED from src\main\AndroidManifest.xml:366:13-36
	android:name
		ADDED from src\main\AndroidManifest.xml:364:13-59
meta-data#XG_V2_ACCESS_ID
ADDED from src\main\AndroidManifest.xml:371:9-373:42
	android:value
		ADDED from src\main\AndroidManifest.xml:373:13-39
	android:name
		ADDED from src\main\AndroidManifest.xml:372:13-43
meta-data#XG_V2_ACCESS_KEY
ADDED from src\main\AndroidManifest.xml:376:9-378:44
	android:value
		ADDED from src\main\AndroidManifest.xml:378:13-41
	android:name
		ADDED from src\main\AndroidManifest.xml:377:13-44
uses-sdk
INJECTED from src\main\AndroidManifest.xml reason: use-sdk injection requested
INJECTED from src\main\AndroidManifest.xml
INJECTED from src\main\AndroidManifest.xml
INJECTED from src\main\AndroidManifest.xml
INJECTED from src\main\AndroidManifest.xml
	android:targetSdkVersion
		INJECTED from src\main\AndroidManifest.xml
		ADDED from src\main\AndroidManifest.xml
		INJECTED from src\main\AndroidManifest.xml
	android:minSdkVersion
		INJECTED from src\main\AndroidManifest.xml
		ADDED from src\main\AndroidManifest.xml
		INJECTED from src\main\AndroidManifest.xml